1609654281484	geckodriver	INFO	Listening on 127.0.0.1:63872
1609654281497	mozrunner::runner	INFO	Running command: "/Applications/Firefox.app/Contents/MacOS/firefox-bin" "--marionette" "-foreground" "-no-remote" "-profile" "/var/folders/t2/dn3mw9ms48zgztb_z6xypjcr0000gn/T/rust_mozprofileDUPJh2"
console.warn: SearchSettings: "get: No settings file exists, new profile?" (new Error("", "(unknown module)"))
1609654284122	Marionette	INFO	Listening on port 63877
1609654284212	Marionette	WARN	TLS certificate errors will be ignored for this session
1609654422564	geckodriver	INFO	Listening on 127.0.0.1:64030
1609654422574	mozrunner::runner	INFO	Running command: "/Applications/Firefox.app/Contents/MacOS/firefox-bin" "--marionette" "-foreground" "-no-remote" "-profile" "/var/folders/t2/dn3mw9ms48zgztb_z6xypjcr0000gn/T/rust_mozprofilewj5rt4"
console.warn: SearchSettings: "get: No settings file exists, new profile?" (new Error("", "(unknown module)"))
1609654424940	Marionette	INFO	Listening on port 64039
1609654425052	Marionette	WARN	TLS certificate errors will be ignored for this session
1609654563393	geckodriver	INFO	Listening on 127.0.0.1:64177
1609654563402	mozrunner::runner	INFO	Running command: "/Applications/Firefox.app/Contents/MacOS/firefox-bin" "--marionette" "-foreground" "-no-remote" "-profile" "/var/folders/t2/dn3mw9ms48zgztb_z6xypjcr0000gn/T/rust_mozprofileUUGhzb"
console.warn: SearchSettings: "get: No settings file exists, new profile?" (new Error("", "(unknown module)"))
1609654565891	Marionette	INFO	Listening on port 64186
1609654565998	Marionette	WARN	TLS certificate errors will be ignored for this session
1609654625563	geckodriver	INFO	Listening on 127.0.0.1:64302
1609654625571	mozrunner::runner	INFO	Running command: "/Applications/Firefox.app/Contents/MacOS/firefox-bin" "--marionette" "-foreground" "-no-remote" "-profile" "/var/folders/t2/dn3mw9ms48zgztb_z6xypjcr0000gn/T/rust_mozprofileCY5H1c"
console.warn: SearchSettings: "get: No settings file exists, new profile?" (new Error("", "(unknown module)"))
1609654627884	Marionette	INFO	Listening on port 64307
1609654627951	Marionette	WARN	TLS certificate errors will be ignored for this session
1609655134458	Marionette	INFO	Stopped listening on port 64307
1609655136100	Marionette	INFO	Stopped listening on port 64186
1609655137830	Marionette	INFO	Stopped listening on port 64039
1609655139493	Marionette	INFO	Stopped listening on port 63877
1609661981267	geckodriver	INFO	Listening on 127.0.0.1:49736
1609661981801	mozrunner::runner	INFO	Running command: "/Applications/Firefox.app/Contents/MacOS/firefox-bin" "--marionette" "-foreground" "-no-remote" "-profile" "/var/folders/t2/dn3mw9ms48zgztb_z6xypjcr0000gn/T/rust_mozprofileYHMMEd"
console.warn: SearchSettings: "get: No settings file exists, new profile?" (new Error("", "(unknown module)"))
1609661984694	Marionette	INFO	Listening on port 49751
1609661984810	Marionette	WARN	TLS certificate errors will be ignored for this session
1609662012819	Marionette	INFO	Stopped listening on port 49751
1609662175972	geckodriver	INFO	Listening on 127.0.0.1:49886
1609662176980	mozrunner::runner	INFO	Running command: "/Applications/Firefox.app/Contents/MacOS/firefox-bin" "--marionette" "-foreground" "-no-remote" "-profile" "/var/folders/t2/dn3mw9ms48zgztb_z6xypjcr0000gn/T/rust_mozprofileoc8u27"
console.warn: SearchSettings: "get: No settings file exists, new profile?" (new Error("", "(unknown module)"))
1609662179837	Marionette	INFO	Listening on port 49897
1609662179871	Marionette	WARN	TLS certificate errors will be ignored for this session
1609662182091	Marionette	INFO	Stopped listening on port 49897
1609662225123	geckodriver	INFO	Listening on 127.0.0.1:50014
1609662225131	mozrunner::runner	INFO	Running command: "/Applications/Firefox.app/Contents/MacOS/firefox-bin" "--marionette" "-foreground" "-no-remote" "-profile" "/var/folders/t2/dn3mw9ms48zgztb_z6xypjcr0000gn/T/rust_mozprofileBpt2w4"
console.warn: SearchSettings: "get: No settings file exists, new profile?" (new Error("", "(unknown module)"))
1609662227362	Marionette	INFO	Listening on port 50023
1609662227397	Marionette	WARN	TLS certificate errors will be ignored for this session
1609662229579	Marionette	INFO	Stopped listening on port 50023
1609662364346	geckodriver	INFO	Listening on 127.0.0.1:50147
1609662364354	mozrunner::runner	INFO	Running command: "/Applications/Firefox.app/Contents/MacOS/firefox-bin" "--marionette" "-foreground" "-no-remote" "-profile" "/var/folders/t2/dn3mw9ms48zgztb_z6xypjcr0000gn/T/rust_mozprofileB67Hjj"
console.warn: SearchSettings: "get: No settings file exists, new profile?" (new Error("", "(unknown module)"))
1609662366887	Marionette	INFO	Listening on port 50156
1609662366954	Marionette	WARN	TLS certificate errors will be ignored for this session
1609662374781	Marionette	INFO	Stopped listening on port 50156
1609662399381	geckodriver	INFO	Listening on 127.0.0.1:50276
1609662399390	mozrunner::runner	INFO	Running command: "/Applications/Firefox.app/Contents/MacOS/firefox-bin" "--marionette" "-foreground" "-no-remote" "-profile" "/var/folders/t2/dn3mw9ms48zgztb_z6xypjcr0000gn/T/rust_mozprofileycbMlY"
console.warn: SearchSettings: "get: No settings file exists, new profile?" (new Error("", "(unknown module)"))
1609662401918	Marionette	INFO	Listening on port 50285
1609662401985	Marionette	WARN	TLS certificate errors will be ignored for this session
1609662409732	Marionette	INFO	Stopped listening on port 50285
1609662486108	geckodriver	INFO	Listening on 127.0.0.1:50404
1609662486116	mozrunner::runner	INFO	Running command: "/Applications/Firefox.app/Contents/MacOS/firefox-bin" "--marionette" "-foreground" "-no-remote" "-profile" "/var/folders/t2/dn3mw9ms48zgztb_z6xypjcr0000gn/T/rust_mozprofileiPqY5C"
console.warn: SearchSettings: "get: No settings file exists, new profile?" (new Error("", "(unknown module)"))
1609662488397	Marionette	INFO	Listening on port 50413
1609662488521	Marionette	WARN	TLS certificate errors will be ignored for this session
1609662500724	Marionette	INFO	Stopped listening on port 50413
1609662653682	geckodriver	INFO	Listening on 127.0.0.1:50580
1609662653689	mozrunner::runner	INFO	Running command: "/Applications/Firefox.app/Contents/MacOS/firefox-bin" "--marionette" "-foreground" "-no-remote" "-profile" "/var/folders/t2/dn3mw9ms48zgztb_z6xypjcr0000gn/T/rust_mozprofileUKf7oy"
console.warn: SearchSettings: "get: No settings file exists, new profile?" (new Error("", "(unknown module)"))
1609662656063	Marionette	INFO	Listening on port 50589
1609662656164	Marionette	WARN	TLS certificate errors will be ignored for this session
1609662663804	Marionette	INFO	Stopped listening on port 50589
1609662919770	geckodriver	INFO	Listening on 127.0.0.1:50750
1609662919777	mozrunner::runner	INFO	Running command: "/Applications/Firefox.app/Contents/MacOS/firefox-bin" "--marionette" "-foreground" "-no-remote" "-profile" "/var/folders/t2/dn3mw9ms48zgztb_z6xypjcr0000gn/T/rust_mozprofilecGkvzv"
console.warn: SearchSettings: "get: No settings file exists, new profile?" (new Error("", "(unknown module)"))
1609662922067	Marionette	INFO	Listening on port 50759
1609662922180	Marionette	WARN	TLS certificate errors will be ignored for this session
1609662932926	Marionette	INFO	Stopped listening on port 50759
1609662982927	geckodriver	INFO	Listening on 127.0.0.1:50892
1609662982934	mozrunner::runner	INFO	Running command: "/Applications/Firefox.app/Contents/MacOS/firefox-bin" "--marionette" "-foreground" "-no-remote" "-profile" "/var/folders/t2/dn3mw9ms48zgztb_z6xypjcr0000gn/T/rust_mozprofile4ek1Dl"
console.warn: SearchSettings: "get: No settings file exists, new profile?" (new Error("", "(unknown module)"))
1609662985290	Marionette	INFO	Listening on port 50901
1609662985326	Marionette	WARN	TLS certificate errors will be ignored for this session
1609662996043	Marionette	INFO	Stopped listening on port 50901
1609663004945	geckodriver	INFO	Listening on 127.0.0.1:51027
1609663004953	mozrunner::runner	INFO	Running command: "/Applications/Firefox.app/Contents/MacOS/firefox-bin" "--marionette" "-foreground" "-no-remote" "-profile" "/var/folders/t2/dn3mw9ms48zgztb_z6xypjcr0000gn/T/rust_mozprofileiYdyJ0"
console.warn: SearchSettings: "get: No settings file exists, new profile?" (new Error("", "(unknown module)"))
1609663007207	Marionette	INFO	Listening on port 51036
1609663007253	Marionette	WARN	TLS certificate errors will be ignored for this session
1609663016989	Marionette	INFO	Stopped listening on port 51036
1609663611380	geckodriver	INFO	Listening on 127.0.0.1:51267
1609663612391	mozrunner::runner	INFO	Running command: "/Applications/Firefox.app/Contents/MacOS/firefox-bin" "--marionette" "-foreground" "-no-remote" "-profile" "/var/folders/t2/dn3mw9ms48zgztb_z6xypjcr0000gn/T/rust_mozprofileivRm1h"
console.warn: SearchSettings: "get: No settings file exists, new profile?" (new Error("", "(unknown module)"))
1609663614726	Marionette	INFO	Listening on port 51279
1609663614764	Marionette	WARN	TLS certificate errors will be ignored for this session
1609663628452	Marionette	INFO	Stopped listening on port 51279
1609664366044	geckodriver	INFO	Listening on 127.0.0.1:53368
1609664367057	mozrunner::runner	INFO	Running command: "/Applications/Firefox.app/Contents/MacOS/firefox-bin" "--marionette" "-foreground" "-no-remote" "-profile" "/var/folders/t2/dn3mw9ms48zgztb_z6xypjcr0000gn/T/rust_mozprofileQFwU32"
console.warn: SearchSettings: "get: No settings file exists, new profile?" (new Error("", "(unknown module)"))
1609664369795	Marionette	INFO	Listening on port 53383
1609664369846	Marionette	WARN	TLS certificate errors will be ignored for this session
1609664379767	Marionette	INFO	Stopped listening on port 53383
1609664388047	geckodriver	INFO	Listening on 127.0.0.1:53594
1609664388060	mozrunner::runner	INFO	Running command: "/Applications/Firefox.app/Contents/MacOS/firefox-bin" "--marionette" "-foreground" "-no-remote" "-profile" "/var/folders/t2/dn3mw9ms48zgztb_z6xypjcr0000gn/T/rust_mozprofilerDLTmm"
console.warn: SearchSettings: "get: No settings file exists, new profile?" (new Error("", "(unknown module)"))
1609664390341	Marionette	INFO	Listening on port 53603
1609664390447	Marionette	WARN	TLS certificate errors will be ignored for this session
JavaScript error: resource://gre/modules/URIFixup.jsm, line 271: NS_ERROR_FAILURE: Should pass a non-null uri
JavaScript warning: https://d235vmrai5heq2.cloudfront.net/js/default/review.js, line 32: unreachable code after return statement
1609664398928	Marionette	INFO	Stopped listening on port 53603
1609665125015	geckodriver	INFO	Listening on 127.0.0.1:56794
1609665125022	mozrunner::runner	INFO	Running command: "/Applications/Firefox.app/Contents/MacOS/firefox-bin" "--marionette" "-foreground" "-no-remote" "-profile" "/var/folders/t2/dn3mw9ms48zgztb_z6xypjcr0000gn/T/rust_mozprofilesDLr0X"
console.warn: SearchSettings: "get: No settings file exists, new profile?" (new Error("", "(unknown module)"))
1609665127712	Marionette	INFO	Listening on port 56804
1609665127829	Marionette	WARN	TLS certificate errors will be ignored for this session
JavaScript error: resource://gre/modules/URIFixup.jsm, line 271: NS_ERROR_FAILURE: Should pass a non-null uri
JavaScript warning: https://d235vmrai5heq2.cloudfront.net/js/default/review.js, line 32: unreachable code after return statement
1609665145930	Marionette	INFO	Stopped listening on port 56804
1609665172201	geckodriver	INFO	Listening on 127.0.0.1:57158
1609665172208	mozrunner::runner	INFO	Running command: "/Applications/Firefox.app/Contents/MacOS/firefox-bin" "--marionette" "-foreground" "-no-remote" "-profile" "/var/folders/t2/dn3mw9ms48zgztb_z6xypjcr0000gn/T/rust_mozprofile3SmCX5"
console.warn: SearchSettings: "get: No settings file exists, new profile?" (new Error("", "(unknown module)"))
1609665174498	Marionette	INFO	Listening on port 57167
1609665174595	Marionette	WARN	TLS certificate errors will be ignored for this session
JavaScript error: resource://gre/modules/URIFixup.jsm, line 271: NS_ERROR_FAILURE: Should pass a non-null uri
JavaScript warning: https://d235vmrai5heq2.cloudfront.net/js/default/review.js, line 32: unreachable code after return statement
1609665192613	Marionette	INFO	Stopped listening on port 57167
1609665268684	geckodriver	INFO	Listening on 127.0.0.1:57748
1609665268692	mozrunner::runner	INFO	Running command: "/Applications/Firefox.app/Contents/MacOS/firefox-bin" "--marionette" "-foreground" "-no-remote" "-profile" "/var/folders/t2/dn3mw9ms48zgztb_z6xypjcr0000gn/T/rust_mozprofileKD6aVg"
console.warn: SearchSettings: "get: No settings file exists, new profile?" (new Error("", "(unknown module)"))
1609665270989	Marionette	INFO	Listening on port 57757
1609665271069	Marionette	WARN	TLS certificate errors will be ignored for this session
JavaScript error: resource://gre/modules/URIFixup.jsm, line 271: NS_ERROR_FAILURE: Should pass a non-null uri
JavaScript warning: https://d235vmrai5heq2.cloudfront.net/js/default/review.js, line 32: unreachable code after return statement
1609665280452	Marionette	INFO	Stopped listening on port 57757
1609665328216	geckodriver	INFO	Listening on 127.0.0.1:58156
1609665328223	mozrunner::runner	INFO	Running command: "/Applications/Firefox.app/Contents/MacOS/firefox-bin" "--marionette" "-foreground" "-no-remote" "-profile" "/var/folders/t2/dn3mw9ms48zgztb_z6xypjcr0000gn/T/rust_mozprofilefiGSjw"
console.warn: SearchSettings: "get: No settings file exists, new profile?" (new Error("", "(unknown module)"))
1609665330415	Marionette	INFO	Listening on port 58165
1609665330504	Marionette	WARN	TLS certificate errors will be ignored for this session
JavaScript error: resource://gre/modules/URIFixup.jsm, line 271: NS_ERROR_FAILURE: Should pass a non-null uri
JavaScript warning: https://d235vmrai5heq2.cloudfront.net/js/default/review.js, line 32: unreachable code after return statement
1609665338843	Marionette	INFO	Stopped listening on port 58165
1609665454670	geckodriver	INFO	Listening on 127.0.0.1:58848
1609665454678	mozrunner::runner	INFO	Running command: "/Applications/Firefox.app/Contents/MacOS/firefox-bin" "--marionette" "-foreground" "-no-remote" "-profile" "/var/folders/t2/dn3mw9ms48zgztb_z6xypjcr0000gn/T/rust_mozprofileyH27Bx"
console.warn: SearchSettings: "get: No settings file exists, new profile?" (new Error("", "(unknown module)"))
1609665457015	Marionette	INFO	Listening on port 58857
1609665457070	Marionette	WARN	TLS certificate errors will be ignored for this session
JavaScript error: resource://gre/modules/URIFixup.jsm, line 271: NS_ERROR_FAILURE: Should pass a non-null uri
JavaScript warning: https://d235vmrai5heq2.cloudfront.net/js/default/review.js, line 32: unreachable code after return statement
1609665465079	Marionette	INFO	Stopped listening on port 58857
1609665496396	geckodriver	INFO	Listening on 127.0.0.1:59181
1609665496404	mozrunner::runner	INFO	Running command: "/Applications/Firefox.app/Contents/MacOS/firefox-bin" "--marionette" "-foreground" "-no-remote" "-profile" "/var/folders/t2/dn3mw9ms48zgztb_z6xypjcr0000gn/T/rust_mozprofilewUebt3"
console.warn: SearchSettings: "get: No settings file exists, new profile?" (new Error("", "(unknown module)"))
1609665498710	Marionette	INFO	Listening on port 59190
1609665498776	Marionette	WARN	TLS certificate errors will be ignored for this session
JavaScript error: resource://gre/modules/URIFixup.jsm, line 271: NS_ERROR_FAILURE: Should pass a non-null uri
JavaScript warning: https://d235vmrai5heq2.cloudfront.net/js/default/review.js, line 32: unreachable code after return statement
1609665506487	Marionette	INFO	Stopped listening on port 59190
1609669171174	geckodriver	INFO	Listening on 127.0.0.1:57298
1609669172190	mozrunner::runner	INFO	Running command: "/Applications/Firefox.app/Contents/MacOS/firefox-bin" "--marionette" "-foreground" "-no-remote" "-profile" "/var/folders/t2/dn3mw9ms48zgztb_z6xypjcr0000gn/T/rust_mozprofileAjTXXH"
console.warn: SearchSettings: "get: No settings file exists, new profile?" (new Error("", "(unknown module)"))
1609669175111	Marionette	INFO	Listening on port 57314
1609669175187	Marionette	WARN	TLS certificate errors will be ignored for this session
JavaScript error: resource://gre/modules/URIFixup.jsm, line 271: NS_ERROR_FAILURE: Should pass a non-null uri
JavaScript warning: https://d235vmrai5heq2.cloudfront.net/js/default/review.js, line 32: unreachable code after return statement
1609669183082	Marionette	INFO	Stopped listening on port 57314
1609669249238	geckodriver	INFO	Listening on 127.0.0.1:57805
1609669249246	mozrunner::runner	INFO	Running command: "/Applications/Firefox.app/Contents/MacOS/firefox-bin" "--marionette" "-foreground" "-no-remote" "-profile" "/var/folders/t2/dn3mw9ms48zgztb_z6xypjcr0000gn/T/rust_mozprofilem2Xz4m"
console.warn: SearchSettings: "get: No settings file exists, new profile?" (new Error("", "(unknown module)"))
1609669251617	Marionette	INFO	Listening on port 57814
1609669251739	Marionette	WARN	TLS certificate errors will be ignored for this session
JavaScript error: resource://gre/modules/URIFixup.jsm, line 271: NS_ERROR_FAILURE: Should pass a non-null uri
1609669341393	geckodriver	INFO	Listening on 127.0.0.1:58316
1609669341401	mozrunner::runner	INFO	Running command: "/Applications/Firefox.app/Contents/MacOS/firefox-bin" "--marionette" "-foreground" "-no-remote" "-profile" "/var/folders/t2/dn3mw9ms48zgztb_z6xypjcr0000gn/T/rust_mozprofile9DsjGj"
console.warn: SearchSettings: "get: No settings file exists, new profile?" (new Error("", "(unknown module)"))
1609669343691	Marionette	INFO	Listening on port 58325
1609669343797	Marionette	WARN	TLS certificate errors will be ignored for this session
JavaScript error: resource://gre/modules/URIFixup.jsm, line 271: NS_ERROR_FAILURE: Should pass a non-null uri
1609669354651	Marionette	INFO	Stopped listening on port 58325
1609669360512	geckodriver	INFO	Listening on 127.0.0.1:58513
1609669360520	mozrunner::runner	INFO	Running command: "/Applications/Firefox.app/Contents/MacOS/firefox-bin" "--marionette" "-foreground" "-no-remote" "-profile" "/var/folders/t2/dn3mw9ms48zgztb_z6xypjcr0000gn/T/rust_mozprofileDUwREY"
console.warn: SearchSettings: "get: No settings file exists, new profile?" (new Error("", "(unknown module)"))
1609669362793	Marionette	INFO	Listening on port 58522
1609669362906	Marionette	WARN	TLS certificate errors will be ignored for this session
JavaScript error: resource://gre/modules/URIFixup.jsm, line 271: NS_ERROR_FAILURE: Should pass a non-null uri
1609669366876	Marionette	INFO	Stopped listening on port 58522
1609669903722	geckodriver	INFO	Listening on 127.0.0.1:60949
1609669904734	mozrunner::runner	INFO	Running command: "/Applications/Firefox.app/Contents/MacOS/firefox-bin" "--marionette" "-foreground" "-no-remote" "-profile" "/var/folders/t2/dn3mw9ms48zgztb_z6xypjcr0000gn/T/rust_mozprofilemQSlzq"
console.warn: SearchSettings: "get: No settings file exists, new profile?" (new Error("", "(unknown module)"))
1609669907257	Marionette	INFO	Listening on port 60964
1609669907308	Marionette	WARN	TLS certificate errors will be ignored for this session
JavaScript error: resource://gre/modules/URIFixup.jsm, line 271: NS_ERROR_FAILURE: Should pass a non-null uri
1609669917064	Marionette	INFO	Stopped listening on port 60964
1609670085014	geckodriver	INFO	Listening on 127.0.0.1:61827
1609670085022	mozrunner::runner	INFO	Running command: "/Applications/Firefox.app/Contents/MacOS/firefox-bin" "--marionette" "-foreground" "-no-remote" "-profile" "/var/folders/t2/dn3mw9ms48zgztb_z6xypjcr0000gn/T/rust_mozprofileHio6jt"
console.warn: SearchSettings: "get: No settings file exists, new profile?" (new Error("", "(unknown module)"))
1609670087399	Marionette	INFO	Listening on port 61836
1609670087505	Marionette	WARN	TLS certificate errors will be ignored for this session
JavaScript error: resource://gre/modules/URIFixup.jsm, line 271: NS_ERROR_FAILURE: Should pass a non-null uri
1609670162824	geckodriver	INFO	Listening on 127.0.0.1:62296
1609670162832	mozrunner::runner	INFO	Running command: "/Applications/Firefox.app/Contents/MacOS/firefox-bin" "--marionette" "-foreground" "-no-remote" "-profile" "/var/folders/t2/dn3mw9ms48zgztb_z6xypjcr0000gn/T/rust_mozprofile9GBBxE"
console.warn: SearchSettings: "get: No settings file exists, new profile?" (new Error("", "(unknown module)"))
1609670165259	Marionette	INFO	Listening on port 62305
1609670165315	Marionette	WARN	TLS certificate errors will be ignored for this session
JavaScript error: resource://gre/modules/URIFixup.jsm, line 271: NS_ERROR_FAILURE: Should pass a non-null uri
1609670170297	Marionette	INFO	Stopped listening on port 62305
1609670174099	Marionette	INFO	Stopped listening on port 61836
1609670176044	Marionette	INFO	Stopped listening on port 57814
1609670348166	geckodriver	INFO	Listening on 127.0.0.1:63188
1609670348174	mozrunner::runner	INFO	Running command: "/Applications/Firefox.app/Contents/MacOS/firefox-bin" "--marionette" "-foreground" "-no-remote" "-profile" "/var/folders/t2/dn3mw9ms48zgztb_z6xypjcr0000gn/T/rust_mozprofilepokZxe"
console.warn: SearchSettings: "get: No settings file exists, new profile?" (new Error("", "(unknown module)"))
1609670350487	Marionette	INFO	Listening on port 63197
1609670350567	Marionette	WARN	TLS certificate errors will be ignored for this session
JavaScript error: resource://gre/modules/URIFixup.jsm, line 271: NS_ERROR_FAILURE: Should pass a non-null uri
1609670354581	Marionette	INFO	Stopped listening on port 63197
1609670507025	geckodriver	INFO	Listening on 127.0.0.1:63965
1609670507032	mozrunner::runner	INFO	Running command: "/Applications/Firefox.app/Contents/MacOS/firefox-bin" "--marionette" "-foreground" "-no-remote" "-profile" "/var/folders/t2/dn3mw9ms48zgztb_z6xypjcr0000gn/T/rust_mozprofilerZQp87"
console.warn: SearchSettings: "get: No settings file exists, new profile?" (new Error("", "(unknown module)"))
1609670509387	Marionette	INFO	Listening on port 63974
1609670509418	Marionette	WARN	TLS certificate errors will be ignored for this session
JavaScript error: resource://gre/modules/URIFixup.jsm, line 271: NS_ERROR_FAILURE: Should pass a non-null uri
1609670513287	Marionette	INFO	Stopped listening on port 63974
1609670543834	geckodriver	INFO	Listening on 127.0.0.1:64250
1609670543841	mozrunner::runner	INFO	Running command: "/Applications/Firefox.app/Contents/MacOS/firefox-bin" "--marionette" "-foreground" "-no-remote" "-profile" "/var/folders/t2/dn3mw9ms48zgztb_z6xypjcr0000gn/T/rust_mozprofileFBTKh5"
console.warn: SearchSettings: "get: No settings file exists, new profile?" (new Error("", "(unknown module)"))
1609670546155	Marionette	INFO	Listening on port 64259
1609670546217	Marionette	WARN	TLS certificate errors will be ignored for this session
JavaScript error: resource://gre/modules/URIFixup.jsm, line 271: NS_ERROR_FAILURE: Should pass a non-null uri
1609670550268	Marionette	INFO	Stopped listening on port 64259
1609670717602	geckodriver	INFO	Listening on 127.0.0.1:65084
1609670717608	mozrunner::runner	INFO	Running command: "/Applications/Firefox.app/Contents/MacOS/firefox-bin" "--marionette" "-foreground" "-no-remote" "-profile" "/var/folders/t2/dn3mw9ms48zgztb_z6xypjcr0000gn/T/rust_mozprofilefyXodW"
console.warn: SearchSettings: "get: No settings file exists, new profile?" (new Error("", "(unknown module)"))
1609670719870	Marionette	INFO	Listening on port 65094
1609670719888	Marionette	WARN	TLS certificate errors will be ignored for this session
JavaScript error: resource://gre/modules/URIFixup.jsm, line 271: NS_ERROR_FAILURE: Should pass a non-null uri
1609670724137	Marionette	INFO	Stopped listening on port 65094
1609670837439	geckodriver	INFO	Listening on 127.0.0.1:49328
1609670837445	mozrunner::runner	INFO	Running command: "/Applications/Firefox.app/Contents/MacOS/firefox-bin" "--marionette" "-foreground" "-no-remote" "-profile" "/var/folders/t2/dn3mw9ms48zgztb_z6xypjcr0000gn/T/rust_mozprofileh5LkJy"
console.warn: SearchSettings: "get: No settings file exists, new profile?" (new Error("", "(unknown module)"))
1609670839745	Marionette	INFO	Listening on port 49337
1609670839847	Marionette	WARN	TLS certificate errors will be ignored for this session
JavaScript error: resource://gre/modules/URIFixup.jsm, line 271: NS_ERROR_FAILURE: Should pass a non-null uri
1609670844030	Marionette	INFO	Stopped listening on port 49337
1609670905346	geckodriver	INFO	Listening on 127.0.0.1:49741
1609670905353	mozrunner::runner	INFO	Running command: "/Applications/Firefox.app/Contents/MacOS/firefox-bin" "--marionette" "-foreground" "-no-remote" "-profile" "/var/folders/t2/dn3mw9ms48zgztb_z6xypjcr0000gn/T/rust_mozprofilesZwOVd"
console.warn: SearchSettings: "get: No settings file exists, new profile?" (new Error("", "(unknown module)"))
1609670907631	Marionette	INFO	Listening on port 49750
1609670907742	Marionette	WARN	TLS certificate errors will be ignored for this session
JavaScript error: resource://gre/modules/URIFixup.jsm, line 271: NS_ERROR_FAILURE: Should pass a non-null uri
1609670911800	Marionette	INFO	Stopped listening on port 49750
1609671502581	geckodriver	INFO	Listening on 127.0.0.1:52452
1609671503594	mozrunner::runner	INFO	Running command: "/Applications/Firefox.app/Contents/MacOS/firefox-bin" "--marionette" "-foreground" "-no-remote" "-profile" "/var/folders/t2/dn3mw9ms48zgztb_z6xypjcr0000gn/T/rust_mozprofilesa3n8y"
console.warn: SearchSettings: "get: No settings file exists, new profile?" (new Error("", "(unknown module)"))
1609671506392	Marionette	INFO	Listening on port 52467
1609671506486	Marionette	WARN	TLS certificate errors will be ignored for this session
JavaScript error: resource://gre/modules/URIFixup.jsm, line 271: NS_ERROR_FAILURE: Should pass a non-null uri
1609671510636	Marionette	INFO	Stopped listening on port 52467
1609671655699	geckodriver	INFO	Listening on 127.0.0.1:53247
1609671655708	mozrunner::runner	INFO	Running command: "/Applications/Firefox.app/Contents/MacOS/firefox-bin" "--marionette" "-foreground" "-no-remote" "-profile" "/var/folders/t2/dn3mw9ms48zgztb_z6xypjcr0000gn/T/rust_mozprofilesRJiGJ"
console.warn: SearchSettings: "get: No settings file exists, new profile?" (new Error("", "(unknown module)"))
1609671658174	Marionette	INFO	Listening on port 53256
1609671658199	Marionette	WARN	TLS certificate errors will be ignored for this session
JavaScript error: resource://gre/modules/URIFixup.jsm, line 271: NS_ERROR_FAILURE: Should pass a non-null uri
1609671662522	Marionette	INFO	Stopped listening on port 53256
1609671713903	geckodriver	INFO	Listening on 127.0.0.1:53614
1609671713910	mozrunner::runner	INFO	Running command: "/Applications/Firefox.app/Contents/MacOS/firefox-bin" "--marionette" "-foreground" "-no-remote" "-profile" "/var/folders/t2/dn3mw9ms48zgztb_z6xypjcr0000gn/T/rust_mozprofile6CoROR"
console.warn: SearchSettings: "get: No settings file exists, new profile?" (new Error("", "(unknown module)"))
1609671716145	Marionette	INFO	Listening on port 53623
1609671716189	Marionette	WARN	TLS certificate errors will be ignored for this session
JavaScript error: resource://gre/modules/URIFixup.jsm, line 271: NS_ERROR_FAILURE: Should pass a non-null uri
1609671720045	Marionette	INFO	Stopped listening on port 53623
1609671758816	geckodriver	INFO	Listening on 127.0.0.1:53930
1609671758823	mozrunner::runner	INFO	Running command: "/Applications/Firefox.app/Contents/MacOS/firefox-bin" "--marionette" "-foreground" "-no-remote" "-profile" "/var/folders/t2/dn3mw9ms48zgztb_z6xypjcr0000gn/T/rust_mozprofileNKGBaV"
console.warn: SearchSettings: "get: No settings file exists, new profile?" (new Error("", "(unknown module)"))
1609671760993	Marionette	INFO	Listening on port 53939
1609671761104	Marionette	WARN	TLS certificate errors will be ignored for this session
JavaScript error: resource://gre/modules/URIFixup.jsm, line 271: NS_ERROR_FAILURE: Should pass a non-null uri
1609671765219	Marionette	INFO	Stopped listening on port 53939
1609671777894	geckodriver	INFO	Listening on 127.0.0.1:54138
1609671777902	mozrunner::runner	INFO	Running command: "/Applications/Firefox.app/Contents/MacOS/firefox-bin" "--marionette" "-foreground" "-no-remote" "-profile" "/var/folders/t2/dn3mw9ms48zgztb_z6xypjcr0000gn/T/rust_mozprofilecQgZFr"
console.warn: SearchSettings: "get: No settings file exists, new profile?" (new Error("", "(unknown module)"))
1609671780139	Marionette	INFO	Listening on port 54147
1609671780184	Marionette	WARN	TLS certificate errors will be ignored for this session
JavaScript error: resource://gre/modules/URIFixup.jsm, line 271: NS_ERROR_FAILURE: Should pass a non-null uri
1609671784159	Marionette	INFO	Stopped listening on port 54147
1609671816676	geckodriver	INFO	Listening on 127.0.0.1:54420
1609671816685	mozrunner::runner	INFO	Running command: "/Applications/Firefox.app/Contents/MacOS/firefox-bin" "--marionette" "-foreground" "-no-remote" "-profile" "/var/folders/t2/dn3mw9ms48zgztb_z6xypjcr0000gn/T/rust_mozprofilekhmNit"
console.warn: SearchSettings: "get: No settings file exists, new profile?" (new Error("", "(unknown module)"))
1609671819008	Marionette	INFO	Listening on port 54429
1609671819073	Marionette	WARN	TLS certificate errors will be ignored for this session
JavaScript error: resource://gre/modules/URIFixup.jsm, line 271: NS_ERROR_FAILURE: Should pass a non-null uri
1609671823192	Marionette	INFO	Stopped listening on port 54429
1609671889939	geckodriver	INFO	Listening on 127.0.0.1:54853
1609671889945	mozrunner::runner	INFO	Running command: "/Applications/Firefox.app/Contents/MacOS/firefox-bin" "--marionette" "-foreground" "-no-remote" "-profile" "/var/folders/t2/dn3mw9ms48zgztb_z6xypjcr0000gn/T/rust_mozprofile67pCbG"
console.warn: SearchSettings: "get: No settings file exists, new profile?" (new Error("", "(unknown module)"))
1609671892345	Marionette	INFO	Listening on port 54862
1609671892446	Marionette	WARN	TLS certificate errors will be ignored for this session
JavaScript error: resource://gre/modules/URIFixup.jsm, line 271: NS_ERROR_FAILURE: Should pass a non-null uri
1609671896397	Marionette	INFO	Stopped listening on port 54862
1609671998933	geckodriver	INFO	Listening on 127.0.0.1:55444
1609671998941	mozrunner::runner	INFO	Running command: "/Applications/Firefox.app/Contents/MacOS/firefox-bin" "--marionette" "-foreground" "-no-remote" "-profile" "/var/folders/t2/dn3mw9ms48zgztb_z6xypjcr0000gn/T/rust_mozprofileJ5rmp6"
console.warn: SearchSettings: "get: No settings file exists, new profile?" (new Error("", "(unknown module)"))
1609672001260	Marionette	INFO	Listening on port 55453
1609672001328	Marionette	WARN	TLS certificate errors will be ignored for this session
JavaScript error: resource://gre/modules/URIFixup.jsm, line 271: NS_ERROR_FAILURE: Should pass a non-null uri
1609672004921	Marionette	INFO	Stopped listening on port 55453
1609672085552	geckodriver	INFO	Listening on 127.0.0.1:55925
1609672085560	mozrunner::runner	INFO	Running command: "/Applications/Firefox.app/Contents/MacOS/firefox-bin" "--marionette" "-foreground" "-no-remote" "-profile" "/var/folders/t2/dn3mw9ms48zgztb_z6xypjcr0000gn/T/rust_mozprofileGdSTR5"
console.warn: SearchSettings: "get: No settings file exists, new profile?" (new Error("", "(unknown module)"))
1609672087904	Marionette	INFO	Listening on port 55934
1609672087951	Marionette	WARN	TLS certificate errors will be ignored for this session
JavaScript error: resource://gre/modules/URIFixup.jsm, line 271: NS_ERROR_FAILURE: Should pass a non-null uri
1609672092994	Marionette	INFO	Stopped listening on port 55934
1609672122235	geckodriver	INFO	Listening on 127.0.0.1:56207
1609672122242	mozrunner::runner	INFO	Running command: "/Applications/Firefox.app/Contents/MacOS/firefox-bin" "--marionette" "-foreground" "-no-remote" "-profile" "/var/folders/t2/dn3mw9ms48zgztb_z6xypjcr0000gn/T/rust_mozprofileE14lsr"
console.warn: SearchSettings: "get: No settings file exists, new profile?" (new Error("", "(unknown module)"))
1609672124557	Marionette	INFO	Listening on port 56216
1609672124642	Marionette	WARN	TLS certificate errors will be ignored for this session
JavaScript error: resource://gre/modules/URIFixup.jsm, line 271: NS_ERROR_FAILURE: Should pass a non-null uri
1609672128640	Marionette	INFO	Stopped listening on port 56216
1609672180361	geckodriver	INFO	Listening on 127.0.0.1:56574
1609672180368	mozrunner::runner	INFO	Running command: "/Applications/Firefox.app/Contents/MacOS/firefox-bin" "--marionette" "-foreground" "-no-remote" "-profile" "/var/folders/t2/dn3mw9ms48zgztb_z6xypjcr0000gn/T/rust_mozprofileSAbtG8"
console.warn: SearchSettings: "get: No settings file exists, new profile?" (new Error("", "(unknown module)"))
1609672182688	Marionette	INFO	Listening on port 56583
1609672182758	Marionette	WARN	TLS certificate errors will be ignored for this session
JavaScript error: resource://gre/modules/URIFixup.jsm, line 271: NS_ERROR_FAILURE: Should pass a non-null uri
1609672186825	Marionette	INFO	Stopped listening on port 56583
1609672198869	geckodriver	INFO	Listening on 127.0.0.1:56769
1609672198877	mozrunner::runner	INFO	Running command: "/Applications/Firefox.app/Contents/MacOS/firefox-bin" "--marionette" "-foreground" "-no-remote" "-profile" "/var/folders/t2/dn3mw9ms48zgztb_z6xypjcr0000gn/T/rust_mozprofileWFsEZB"
console.warn: SearchSettings: "get: No settings file exists, new profile?" (new Error("", "(unknown module)"))
1609672201259	Marionette	INFO	Listening on port 56778
1609672201361	Marionette	WARN	TLS certificate errors will be ignored for this session
JavaScript error: resource://gre/modules/URIFixup.jsm, line 271: NS_ERROR_FAILURE: Should pass a non-null uri
1609672205535	Marionette	INFO	Stopped listening on port 56778
1609672217693	geckodriver	INFO	Listening on 127.0.0.1:56976
1609672217701	mozrunner::runner	INFO	Running command: "/Applications/Firefox.app/Contents/MacOS/firefox-bin" "--marionette" "-foreground" "-no-remote" "-profile" "/var/folders/t2/dn3mw9ms48zgztb_z6xypjcr0000gn/T/rust_mozprofilegW5lCO"
console.warn: SearchSettings: "get: No settings file exists, new profile?" (new Error("", "(unknown module)"))
1609672219850	Marionette	INFO	Listening on port 56986
1609672219881	Marionette	WARN	TLS certificate errors will be ignored for this session
JavaScript error: resource://gre/modules/URIFixup.jsm, line 271: NS_ERROR_FAILURE: Should pass a non-null uri
1609672223844	Marionette	INFO	Stopped listening on port 56986
1609672513249	geckodriver	INFO	Listening on 127.0.0.1:58310
1609672513257	mozrunner::runner	INFO	Running command: "/Applications/Firefox.app/Contents/MacOS/firefox-bin" "--marionette" "-foreground" "-no-remote" "-profile" "/var/folders/t2/dn3mw9ms48zgztb_z6xypjcr0000gn/T/rust_mozprofilefZdAdo"
console.warn: SearchSettings: "get: No settings file exists, new profile?" (new Error("", "(unknown module)"))
1609672515541	Marionette	INFO	Listening on port 58319
1609672515637	Marionette	WARN	TLS certificate errors will be ignored for this session
JavaScript error: resource://gre/modules/URIFixup.jsm, line 271: NS_ERROR_FAILURE: Should pass a non-null uri
1609672525934	Marionette	INFO	Stopped listening on port 58319
